-------------------------------------------------------------------------------
Test set: com.example.gateway.GatewaySmokeTests
-------------------------------------------------------------------------------
Tests run: 2, Failures: 0, Errors: 2, Skipped: 0, Time elapsed: 0.514 s <<< FAILURE! -- in com.example.gateway.GatewaySmokeTests
com.example.gateway.GatewaySmokeTests.routesAndHeadersForwarded -- Time elapsed: 0.010 s <<< ERROR!
java.lang.NoClassDefFoundError: javax/servlet/DispatcherType
	at java.base/java.lang.Class.forName0(Native Method)
	at java.base/java.lang.Class.forName(Class.java:462)
	at java.base/java.lang.Class.forName(Class.java:453)
	at com.github.tomakehurst.wiremock.jetty9.JettyHttpServerFactory.getServerConstructor(JettyHttpServerFactory.java:37)
	at com.github.tomakehurst.wiremock.jetty9.JettyHttpServerFactory.<clinit>(JettyHttpServerFactory.java:30)
	at com.github.tomakehurst.wiremock.core.WireMockConfiguration.<init>(WireMockConfiguration.java:94)
	at com.github.tomakehurst.wiremock.core.WireMockConfiguration.wireMockConfig(WireMockConfiguration.java:135)
	at com.github.tomakehurst.wiremock.WireMockServer.<init>(WireMockServer.java:117)
	at com.example.gateway.GatewaySmokeTests$WiremockInitializer.<clinit>(GatewaySmokeTests.java:22)
	at java.base/jdk.internal.misc.Unsafe.ensureClassInitialized0(Native Method)
	at java.base/jdk.internal.misc.Unsafe.ensureClassInitialized(Unsafe.java:1161)
	at java.base/java.lang.reflect.Constructor.acquireConstructorAccessor(Constructor.java:548)
	at java.base/java.lang.reflect.Constructor.newInstanceWithCaller(Constructor.java:498)
	at java.base/java.lang.reflect.Constructor.newInstance(Constructor.java:485)
	at org.springframework.beans.BeanUtils.instantiateClass(BeanUtils.java:195)
	at org.springframework.beans.BeanUtils.instantiateClass(BeanUtils.java:150)
	at org.springframework.boot.test.context.SpringBootContextLoader.getInitializers(SpringBootContextLoader.java:311)
	at org.springframework.boot.test.context.SpringBootContextLoader.configure(SpringBootContextLoader.java:187)
	at org.springframework.boot.test.context.SpringBootContextLoader.loadContext(SpringBootContextLoader.java:135)
	at org.springframework.boot.test.context.SpringBootContextLoader.loadContext(SpringBootContextLoader.java:108)
	at org.springframework.test.context.cache.DefaultCacheAwareContextLoaderDelegate.loadContextInternal(DefaultCacheAwareContextLoaderDelegate.java:225)
	at org.springframework.test.context.cache.DefaultCacheAwareContextLoaderDelegate.loadContext(DefaultCacheAwareContextLoaderDelegate.java:152)
	at org.springframework.test.context.support.DefaultTestContext.getApplicationContext(DefaultTestContext.java:130)
	at org.springframework.test.context.support.DependencyInjectionTestExecutionListener.injectDependencies(DependencyInjectionTestExecutionListener.java:142)
	at org.springframework.test.context.support.DependencyInjectionTestExecutionListener.prepareTestInstance(DependencyInjectionTestExecutionListener.java:98)
	at org.springframework.test.context.TestContextManager.prepareTestInstance(TestContextManager.java:260)
	at org.springframework.test.context.junit.jupiter.SpringExtension.postProcessTestInstance(SpringExtension.java:163)
	at java.base/java.util.stream.ReferencePipeline$3$1.accept(ReferencePipeline.java:215)
	at java.base/java.util.stream.ReferencePipeline$2$1.accept(ReferencePipeline.java:197)
	at java.base/java.util.ArrayList$ArrayListSpliterator.forEachRemaining(ArrayList.java:1709)
	at java.base/java.util.stream.AbstractPipeline.copyInto(AbstractPipeline.java:570)
	at java.base/java.util.stream.AbstractPipeline.wrapAndCopyInto(AbstractPipeline.java:560)
	at java.base/java.util.stream.StreamSpliterators$WrappingSpliterator.forEachRemaining(StreamSpliterators.java:315)
	at java.base/java.util.stream.Streams$ConcatSpliterator.forEachRemaining(Streams.java:735)
	at java.base/java.util.stream.Streams$ConcatSpliterator.forEachRemaining(Streams.java:734)
	at java.base/java.util.stream.ReferencePipeline$Head.forEach(ReferencePipeline.java:807)
	at java.base/java.util.Optional.orElseGet(Optional.java:364)
	at java.base/java.util.ArrayList.forEach(ArrayList.java:1597)
	at java.base/java.util.ArrayList.forEach(ArrayList.java:1597)
Caused by: java.lang.ClassNotFoundException: javax.servlet.DispatcherType
	at java.base/jdk.internal.loader.BuiltinClassLoader.loadClass(BuiltinClassLoader.java:641)
	at java.base/jdk.internal.loader.ClassLoaders$AppClassLoader.loadClass(ClassLoaders.java:188)
	at java.base/java.lang.ClassLoader.loadClass(ClassLoader.java:528)
	... 39 more

com.example.gateway.GatewaySmokeTests -- Time elapsed: 0.514 s <<< ERROR!
java.lang.NoClassDefFoundError: Could not initialize class com.example.gateway.GatewaySmokeTests$WiremockInitializer
	at com.example.gateway.GatewaySmokeTests.shutdown(GatewaySmokeTests.java:52)
	at java.base/java.lang.reflect.Method.invoke(Method.java:580)
	at java.base/java.util.ArrayList.forEach(ArrayList.java:1597)
	at java.base/java.util.Collections$UnmodifiableCollection.forEach(Collections.java:1117)
	at java.base/java.util.ArrayList.forEach(ArrayList.java:1597)
Caused by: java.lang.ExceptionInInitializerError: Exception java.lang.NoClassDefFoundError: javax/servlet/DispatcherType [in thread "main"]
	at java.base/java.lang.Class.forName0(Native Method)
	at java.base/java.lang.Class.forName(Class.java:462)
	at java.base/java.lang.Class.forName(Class.java:453)
	at com.github.tomakehurst.wiremock.jetty9.JettyHttpServerFactory.getServerConstructor(JettyHttpServerFactory.java:37)
	at com.github.tomakehurst.wiremock.jetty9.JettyHttpServerFactory.<clinit>(JettyHttpServerFactory.java:30)
	at com.github.tomakehurst.wiremock.core.WireMockConfiguration.<init>(WireMockConfiguration.java:94)
	at com.github.tomakehurst.wiremock.core.WireMockConfiguration.wireMockConfig(WireMockConfiguration.java:135)
	at com.github.tomakehurst.wiremock.WireMockServer.<init>(WireMockServer.java:117)
	at com.example.gateway.GatewaySmokeTests$WiremockInitializer.<clinit>(GatewaySmokeTests.java:22)
	at java.base/jdk.internal.misc.Unsafe.ensureClassInitialized0(Native Method)
	at java.base/jdk.internal.misc.Unsafe.ensureClassInitialized(Unsafe.java:1161)
	at java.base/java.lang.reflect.Constructor.acquireConstructorAccessor(Constructor.java:548)
	at java.base/java.lang.reflect.Constructor.newInstanceWithCaller(Constructor.java:498)
	at java.base/java.lang.reflect.Constructor.newInstance(Constructor.java:485)
	at org.springframework.beans.BeanUtils.instantiateClass(BeanUtils.java:195)
	at org.springframework.beans.BeanUtils.instantiateClass(BeanUtils.java:150)
	at org.springframework.boot.test.context.SpringBootContextLoader.getInitializers(SpringBootContextLoader.java:311)
	at org.springframework.boot.test.context.SpringBootContextLoader.configure(SpringBootContextLoader.java:187)
	at org.springframework.boot.test.context.SpringBootContextLoader.loadContext(SpringBootContextLoader.java:135)
	at org.springframework.boot.test.context.SpringBootContextLoader.loadContext(SpringBootContextLoader.java:108)
	at org.springframework.test.context.cache.DefaultCacheAwareContextLoaderDelegate.loadContextInternal(DefaultCacheAwareContextLoaderDelegate.java:225)
	at org.springframework.test.context.cache.DefaultCacheAwareContextLoaderDelegate.loadContext(DefaultCacheAwareContextLoaderDelegate.java:152)
	at org.springframework.test.context.support.DefaultTestContext.getApplicationContext(DefaultTestContext.java:130)
	at org.springframework.test.context.support.DependencyInjectionTestExecutionListener.injectDependencies(DependencyInjectionTestExecutionListener.java:142)
	at org.springframework.test.context.support.DependencyInjectionTestExecutionListener.prepareTestInstance(DependencyInjectionTestExecutionListener.java:98)
	at org.springframework.test.context.TestContextManager.prepareTestInstance(TestContextManager.java:260)
	at org.springframework.test.context.junit.jupiter.SpringExtension.postProcessTestInstance(SpringExtension.java:163)
	at java.base/java.util.stream.ReferencePipeline$3$1.accept(ReferencePipeline.java:215)
	at java.base/java.util.stream.ReferencePipeline$2$1.accept(ReferencePipeline.java:197)
	at java.base/java.util.ArrayList$ArrayListSpliterator.forEachRemaining(ArrayList.java:1709)
	at java.base/java.util.stream.AbstractPipeline.copyInto(AbstractPipeline.java:570)
	at java.base/java.util.stream.AbstractPipeline.wrapAndCopyInto(AbstractPipeline.java:560)
	at java.base/java.util.stream.StreamSpliterators$WrappingSpliterator.forEachRemaining(StreamSpliterators.java:315)
	at java.base/java.util.stream.Streams$ConcatSpliterator.forEachRemaining(Streams.java:735)
	at java.base/java.util.stream.Streams$ConcatSpliterator.forEachRemaining(Streams.java:734)
	at java.base/java.util.stream.ReferencePipeline$Head.forEach(ReferencePipeline.java:807)
	at java.base/java.util.Optional.orElseGet(Optional.java:364)
	at java.base/java.util.ArrayList.forEach(ArrayList.java:1597)
	... 1 more

